C:\Program Files\Microsoft Visual Studio\2022\Community\MSBuild\Microsoft\VC\v170\Microsoft.CppBuild.targets(516,5): warning MSB8004: Intermediate Directory does not end with a trailing slash.  This build instance will add the slash as it is required to allow proper evaluation of the Intermediate Directory.
C:\Program Files\Microsoft Visual Studio\2022\Community\MSBuild\Microsoft\VC\v170\Microsoft.CppBuild.targets(517,5): warning MSB8004: Output Directory does not end with a trailing slash.  This build instance will add the slash as it is required to allow proper evaluation of the Output Directory.
  draw.cpp
C:\dev\Software-Rasterizer\Rasterizer\Rasterizer\src\utility.h(16,24): warning C4305: 'initializing': truncation from 'double' to 'float'
C:\dev\Software-Rasterizer\Rasterizer\Rasterizer\src\draw.cpp(293,14): warning C4244: 'initializing': conversion from 'const _Ty' to 'int', possible loss of data
C:\dev\Software-Rasterizer\Rasterizer\Rasterizer\src\draw.cpp(293,14): warning C4244:         with
C:\dev\Software-Rasterizer\Rasterizer\Rasterizer\src\draw.cpp(293,14): warning C4244:         [
C:\dev\Software-Rasterizer\Rasterizer\Rasterizer\src\draw.cpp(293,14): warning C4244:             _Ty=float
C:\dev\Software-Rasterizer\Rasterizer\Rasterizer\src\draw.cpp(293,14): warning C4244:         ]
C:\dev\Software-Rasterizer\Rasterizer\Rasterizer\src\draw.cpp(294,14): warning C4244: 'initializing': conversion from 'const _Ty' to 'int', possible loss of data
C:\dev\Software-Rasterizer\Rasterizer\Rasterizer\src\draw.cpp(294,14): warning C4244:         with
C:\dev\Software-Rasterizer\Rasterizer\Rasterizer\src\draw.cpp(294,14): warning C4244:         [
C:\dev\Software-Rasterizer\Rasterizer\Rasterizer\src\draw.cpp(294,14): warning C4244:             _Ty=float
C:\dev\Software-Rasterizer\Rasterizer\Rasterizer\src\draw.cpp(294,14): warning C4244:         ]
C:\dev\Software-Rasterizer\Rasterizer\Rasterizer\src\draw.cpp(295,14): warning C4244: 'initializing': conversion from 'const _Ty' to 'int', possible loss of data
C:\dev\Software-Rasterizer\Rasterizer\Rasterizer\src\draw.cpp(295,14): warning C4244:         with
C:\dev\Software-Rasterizer\Rasterizer\Rasterizer\src\draw.cpp(295,14): warning C4244:         [
C:\dev\Software-Rasterizer\Rasterizer\Rasterizer\src\draw.cpp(295,14): warning C4244:             _Ty=float
C:\dev\Software-Rasterizer\Rasterizer\Rasterizer\src\draw.cpp(295,14): warning C4244:         ]
C:\dev\Software-Rasterizer\Rasterizer\Rasterizer\src\draw.cpp(296,14): warning C4244: 'initializing': conversion from 'const _Ty' to 'int', possible loss of data
C:\dev\Software-Rasterizer\Rasterizer\Rasterizer\src\draw.cpp(296,14): warning C4244:         with
C:\dev\Software-Rasterizer\Rasterizer\Rasterizer\src\draw.cpp(296,14): warning C4244:         [
C:\dev\Software-Rasterizer\Rasterizer\Rasterizer\src\draw.cpp(296,14): warning C4244:             _Ty=float
C:\dev\Software-Rasterizer\Rasterizer\Rasterizer\src\draw.cpp(296,14): warning C4244:         ]
C:\dev\Software-Rasterizer\Rasterizer\Rasterizer\src\draw.cpp(320,28): warning C4244: 'initializing': conversion from 'double' to 'float', possible loss of data
  Rasterizer.vcxproj -> C:\dev\Software-Rasterizer\Rasterizer\bin\EXE\x64\Debug\Rasterizer.exe
