C:\Program Files\Microsoft Visual Studio\2022\Community\MSBuild\Microsoft\VC\v170\Microsoft.CppBuild.targets(516,5): warning MSB8004: Intermediate Directory does not end with a trailing slash.  This build instance will add the slash as it is required to allow proper evaluation of the Intermediate Directory.
C:\Program Files\Microsoft Visual Studio\2022\Community\MSBuild\Microsoft\VC\v170\Microsoft.CppBuild.targets(517,5): warning MSB8004: Output Directory does not end with a trailing slash.  This build instance will add the slash as it is required to allow proper evaluation of the Output Directory.
  main.cpp
C:\dev\Software-Rasterizer\Rasterizer\Rasterizer\src\utility.h(64,24): warning C4305: 'initializing': truncation from 'double' to 'float'
C:\dev\Software-Rasterizer\Rasterizer\Rasterizer\src\TextureProcessor.h(163,10): warning C4244: 'initializing': conversion from 'float' to 'int', possible loss of data
C:\dev\Software-Rasterizer\Rasterizer\Rasterizer\src\TextureProcessor.h(163,25): warning C4244: 'initializing': conversion from 'float' to 'int', possible loss of data
C:\dev\Software-Rasterizer\Rasterizer\Rasterizer\src\TextureProcessor.h(190,17): warning C4244: 'initializing': conversion from 'float' to 'int', possible loss of data
C:\dev\Software-Rasterizer\Rasterizer\Rasterizer\src\Drawer.h(142,18): warning C4244: 'initializing': conversion from 'const _Ty' to 'int', possible loss of data
C:\dev\Software-Rasterizer\Rasterizer\Rasterizer\src\Drawer.h(142,18): warning C4244:         with
C:\dev\Software-Rasterizer\Rasterizer\Rasterizer\src\Drawer.h(142,18): warning C4244:         [
C:\dev\Software-Rasterizer\Rasterizer\Rasterizer\src\Drawer.h(142,18): warning C4244:             _Ty=float
C:\dev\Software-Rasterizer\Rasterizer\Rasterizer\src\Drawer.h(142,18): warning C4244:         ]
C:\dev\Software-Rasterizer\Rasterizer\Rasterizer\src\Drawer.h(143,18): warning C4244: 'initializing': conversion from 'const _Ty' to 'int', possible loss of data
C:\dev\Software-Rasterizer\Rasterizer\Rasterizer\src\Drawer.h(143,18): warning C4244:         with
C:\dev\Software-Rasterizer\Rasterizer\Rasterizer\src\Drawer.h(143,18): warning C4244:         [
C:\dev\Software-Rasterizer\Rasterizer\Rasterizer\src\Drawer.h(143,18): warning C4244:             _Ty=float
C:\dev\Software-Rasterizer\Rasterizer\Rasterizer\src\Drawer.h(143,18): warning C4244:         ]
C:\dev\Software-Rasterizer\Rasterizer\Rasterizer\src\Drawer.h(144,18): warning C4244: 'initializing': conversion from 'const _Ty' to 'int', possible loss of data
C:\dev\Software-Rasterizer\Rasterizer\Rasterizer\src\Drawer.h(144,18): warning C4244:         with
C:\dev\Software-Rasterizer\Rasterizer\Rasterizer\src\Drawer.h(144,18): warning C4244:         [
C:\dev\Software-Rasterizer\Rasterizer\Rasterizer\src\Drawer.h(144,18): warning C4244:             _Ty=float
C:\dev\Software-Rasterizer\Rasterizer\Rasterizer\src\Drawer.h(144,18): warning C4244:         ]
C:\dev\Software-Rasterizer\Rasterizer\Rasterizer\src\Drawer.h(145,18): warning C4244: 'initializing': conversion from 'const _Ty' to 'int', possible loss of data
C:\dev\Software-Rasterizer\Rasterizer\Rasterizer\src\Drawer.h(145,18): warning C4244:         with
C:\dev\Software-Rasterizer\Rasterizer\Rasterizer\src\Drawer.h(145,18): warning C4244:         [
C:\dev\Software-Rasterizer\Rasterizer\Rasterizer\src\Drawer.h(145,18): warning C4244:             _Ty=float
C:\dev\Software-Rasterizer\Rasterizer\Rasterizer\src\Drawer.h(145,18): warning C4244:         ]
C:\dev\Software-Rasterizer\Rasterizer\Rasterizer\src\Drawer.h(196,18): warning C4244: 'initializing': conversion from 'const _Ty' to 'int', possible loss of data
C:\dev\Software-Rasterizer\Rasterizer\Rasterizer\src\Drawer.h(196,18): warning C4244:         with
C:\dev\Software-Rasterizer\Rasterizer\Rasterizer\src\Drawer.h(196,18): warning C4244:         [
C:\dev\Software-Rasterizer\Rasterizer\Rasterizer\src\Drawer.h(196,18): warning C4244:             _Ty=float
C:\dev\Software-Rasterizer\Rasterizer\Rasterizer\src\Drawer.h(196,18): warning C4244:         ]
C:\dev\Software-Rasterizer\Rasterizer\Rasterizer\src\Drawer.h(197,18): warning C4244: 'initializing': conversion from 'const _Ty' to 'int', possible loss of data
C:\dev\Software-Rasterizer\Rasterizer\Rasterizer\src\Drawer.h(197,18): warning C4244:         with
C:\dev\Software-Rasterizer\Rasterizer\Rasterizer\src\Drawer.h(197,18): warning C4244:         [
C:\dev\Software-Rasterizer\Rasterizer\Rasterizer\src\Drawer.h(197,18): warning C4244:             _Ty=float
C:\dev\Software-Rasterizer\Rasterizer\Rasterizer\src\Drawer.h(197,18): warning C4244:         ]
C:\dev\Software-Rasterizer\Rasterizer\Rasterizer\src\Drawer.h(198,18): warning C4244: 'initializing': conversion from 'const _Ty' to 'int', possible loss of data
C:\dev\Software-Rasterizer\Rasterizer\Rasterizer\src\Drawer.h(198,18): warning C4244:         with
C:\dev\Software-Rasterizer\Rasterizer\Rasterizer\src\Drawer.h(198,18): warning C4244:         [
C:\dev\Software-Rasterizer\Rasterizer\Rasterizer\src\Drawer.h(198,18): warning C4244:             _Ty=float
C:\dev\Software-Rasterizer\Rasterizer\Rasterizer\src\Drawer.h(198,18): warning C4244:         ]
C:\dev\Software-Rasterizer\Rasterizer\Rasterizer\src\Drawer.h(199,18): warning C4244: 'initializing': conversion from 'const _Ty' to 'int', possible loss of data
C:\dev\Software-Rasterizer\Rasterizer\Rasterizer\src\Drawer.h(199,18): warning C4244:         with
C:\dev\Software-Rasterizer\Rasterizer\Rasterizer\src\Drawer.h(199,18): warning C4244:         [
C:\dev\Software-Rasterizer\Rasterizer\Rasterizer\src\Drawer.h(199,18): warning C4244:             _Ty=float
C:\dev\Software-Rasterizer\Rasterizer\Rasterizer\src\Drawer.h(199,18): warning C4244:         ]
C:\dev\Software-Rasterizer\Rasterizer\Rasterizer\src\Drawer.h(243,18): warning C4244: 'initializing': conversion from 'const _Ty' to 'int', possible loss of data
C:\dev\Software-Rasterizer\Rasterizer\Rasterizer\src\Drawer.h(243,18): warning C4244:         with
C:\dev\Software-Rasterizer\Rasterizer\Rasterizer\src\Drawer.h(243,18): warning C4244:         [
C:\dev\Software-Rasterizer\Rasterizer\Rasterizer\src\Drawer.h(243,18): warning C4244:             _Ty=float
C:\dev\Software-Rasterizer\Rasterizer\Rasterizer\src\Drawer.h(243,18): warning C4244:         ]
C:\dev\Software-Rasterizer\Rasterizer\Rasterizer\src\Drawer.h(244,18): warning C4244: 'initializing': conversion from 'const _Ty' to 'int', possible loss of data
C:\dev\Software-Rasterizer\Rasterizer\Rasterizer\src\Drawer.h(244,18): warning C4244:         with
C:\dev\Software-Rasterizer\Rasterizer\Rasterizer\src\Drawer.h(244,18): warning C4244:         [
C:\dev\Software-Rasterizer\Rasterizer\Rasterizer\src\Drawer.h(244,18): warning C4244:             _Ty=float
C:\dev\Software-Rasterizer\Rasterizer\Rasterizer\src\Drawer.h(244,18): warning C4244:         ]
C:\dev\Software-Rasterizer\Rasterizer\Rasterizer\src\Drawer.h(245,18): warning C4244: 'initializing': conversion from 'const _Ty' to 'int', possible loss of data
C:\dev\Software-Rasterizer\Rasterizer\Rasterizer\src\Drawer.h(245,18): warning C4244:         with
C:\dev\Software-Rasterizer\Rasterizer\Rasterizer\src\Drawer.h(245,18): warning C4244:         [
C:\dev\Software-Rasterizer\Rasterizer\Rasterizer\src\Drawer.h(245,18): warning C4244:             _Ty=float
C:\dev\Software-Rasterizer\Rasterizer\Rasterizer\src\Drawer.h(245,18): warning C4244:         ]
C:\dev\Software-Rasterizer\Rasterizer\Rasterizer\src\Drawer.h(246,18): warning C4244: 'initializing': conversion from 'const _Ty' to 'int', possible loss of data
C:\dev\Software-Rasterizer\Rasterizer\Rasterizer\src\Drawer.h(246,18): warning C4244:         with
C:\dev\Software-Rasterizer\Rasterizer\Rasterizer\src\Drawer.h(246,18): warning C4244:         [
C:\dev\Software-Rasterizer\Rasterizer\Rasterizer\src\Drawer.h(246,18): warning C4244:             _Ty=float
C:\dev\Software-Rasterizer\Rasterizer\Rasterizer\src\Drawer.h(246,18): warning C4244:         ]
C:\dev\Software-Rasterizer\Rasterizer\Rasterizer\src\Drawer.h(309,18): warning C4244: 'initializing': conversion from 'const _Ty' to 'int', possible loss of data
C:\dev\Software-Rasterizer\Rasterizer\Rasterizer\src\Drawer.h(309,18): warning C4244:         with
C:\dev\Software-Rasterizer\Rasterizer\Rasterizer\src\Drawer.h(309,18): warning C4244:         [
C:\dev\Software-Rasterizer\Rasterizer\Rasterizer\src\Drawer.h(309,18): warning C4244:             _Ty=float
C:\dev\Software-Rasterizer\Rasterizer\Rasterizer\src\Drawer.h(309,18): warning C4244:         ]
C:\dev\Software-Rasterizer\Rasterizer\Rasterizer\src\Drawer.h(310,18): warning C4244: 'initializing': conversion from 'const _Ty' to 'int', possible loss of data
C:\dev\Software-Rasterizer\Rasterizer\Rasterizer\src\Drawer.h(310,18): warning C4244:         with
C:\dev\Software-Rasterizer\Rasterizer\Rasterizer\src\Drawer.h(310,18): warning C4244:         [
C:\dev\Software-Rasterizer\Rasterizer\Rasterizer\src\Drawer.h(310,18): warning C4244:             _Ty=float
C:\dev\Software-Rasterizer\Rasterizer\Rasterizer\src\Drawer.h(310,18): warning C4244:         ]
C:\dev\Software-Rasterizer\Rasterizer\Rasterizer\src\Drawer.h(311,18): warning C4244: 'initializing': conversion from 'const _Ty' to 'int', possible loss of data
C:\dev\Software-Rasterizer\Rasterizer\Rasterizer\src\Drawer.h(311,18): warning C4244:         with
C:\dev\Software-Rasterizer\Rasterizer\Rasterizer\src\Drawer.h(311,18): warning C4244:         [
C:\dev\Software-Rasterizer\Rasterizer\Rasterizer\src\Drawer.h(311,18): warning C4244:             _Ty=float
C:\dev\Software-Rasterizer\Rasterizer\Rasterizer\src\Drawer.h(311,18): warning C4244:         ]
C:\dev\Software-Rasterizer\Rasterizer\Rasterizer\src\Drawer.h(312,18): warning C4244: 'initializing': conversion from 'const _Ty' to 'int', possible loss of data
C:\dev\Software-Rasterizer\Rasterizer\Rasterizer\src\Drawer.h(312,18): warning C4244:         with
C:\dev\Software-Rasterizer\Rasterizer\Rasterizer\src\Drawer.h(312,18): warning C4244:         [
C:\dev\Software-Rasterizer\Rasterizer\Rasterizer\src\Drawer.h(312,18): warning C4244:             _Ty=float
C:\dev\Software-Rasterizer\Rasterizer\Rasterizer\src\Drawer.h(312,18): warning C4244:         ]
  tgaimage.cpp
  Generating code
  Previous IPDB not found, fall back to full compilation.
C:\dev\Software-Rasterizer\Rasterizer\Rasterizer\src\TextureProcessor.h(56): warning C4715: 'TextureProcessor::getTexel': not all control paths return a value
  All 961 functions were compiled because no usable IPDB/IOBJ from previous compilation was found.
  Finished generating code
  Rasterizer.vcxproj -> C:\dev\Software-Rasterizer\Rasterizer\bin\EXE\x64\Release\Rasterizer.exe
